[Fri Apr 02 16:45:02 2021] admin -- пользователь авторизовался
[Fri Apr 02 16:46:37 2021] sdfnmlc -- пользователь авторизовался
[Fri Apr 02 16:46:39 2021] sdfnmlc -- пользователь вышел из аккаунта
[Fri Apr 02 16:46:41 2021] admin -- пользователь авторизовался
[Fri Apr 02 16:46:45 2021] admin -- пользователь вышел из аккаунта
[Fri Apr 02 18:17:11 2021] admin -- пользователь авторизовался
[Fri Apr 02 18:17:39 2021] admin -- пользователь вышел из аккаунта
[Fri Apr 02 18:17:49 2021] sdfnmlc -- пользователь авторизовался
[Fri Apr 02 18:18:05 2021] admin -- пользователь авторизовался
[Fri Apr 02 18:18:14 2021] admin -- пользователь авторизовался
[Fri Apr 02 19:01:51 2021] admin -- пользователь авторизовался
[Fri Apr 02 19:01:57 2021] admin -- пользователь вышел из аккаунта
[Fri Apr 02 19:10:08 2021] admin -- пользователь авторизовался
[Fri Apr 02 19:11:47 2021] admin -- пользователь авторизовался
[Fri Apr 02 19:12:00 2021] admin -- пользователь авторизовался
[Fri Apr 02 19:25:10 2021] admin -- пользователь авторизовался
[Fri Apr 02 19:25:18 2021] admin -- пользователь авторизовался
[Fri Apr 02 19:25:35 2021] Неверные данные при авторизации
[Fri Apr 02 19:27:14 2021] Неверные данные при авторизации
[Fri Apr 02 19:32:09 2021] admin -- пользователь вышел из аккаунта
[Fri Apr 02 19:32:32 2021] admin -- пользователь авторизовался
[Fri Apr 02 19:38:56 2021] admin -- пользователь авторизовался
[Fri Apr 02 19:39:02 2021] admin -- пользователь авторизовался
[Fri Apr 02 19:40:37 2021] admin -- пользователь вышел из аккаунта
[Fri Apr 02 19:40:39 2021] sdfnmlc -- пользователь авторизовался
[Fri Apr 02 19:43:08 2021] sdfnmlc -- пользователь авторизовался
[Fri Apr 02 19:43:51 2021] admin -- пользователь авторизовался
[Fri Apr 02 19:45:24 2021] admin -- пользователь вышел из аккаунта
[Fri Apr 02 19:45:27 2021] sdfnmlc -- пользователь авторизовался
